#
# There is insufficient memory for the Java Runtime Environment to continue.
# Native memory allocation (malloc) failed to allocate 200576 bytes for Chunk::new
# Possible reasons:
#   The system is out of physical RAM or swap space
#   The process is running with CompressedOops enabled, and the Java Heap may be blocking the growth of the native heap
# Possible solutions:
#   Reduce memory load on the system
#   Increase physical memory or swap space
#   Check if swap backing store is full
#   Decrease Java heap size (-Xmx/-Xms)
#   Decrease number of Java threads
#   Decrease Java thread stack sizes (-Xss)
#   Set larger code cache with -XX:ReservedCodeCacheSize=
#   JVM is running with Unscaled Compressed Oops mode in which the Java heap is
#     placed in the first 4GB address space. The Java Heap base address is the
#     maximum limit for the native heap growth. Please use -XX:HeapBaseMinAddress
#     to set the Java Heap base and to place the Java Heap above 4GB virtual address.
# This output file may be truncated or incomplete.
#
#  Out of Memory Error (./open/src/hotspot/share/memory/arena.cpp:197), pid=13880, tid=11704
#
# JRE version: Java(TM) SE Runtime Environment 18.9 (11.0.8+10) (build 11.0.8+10-LTS)
# Java VM: Java HotSpot(TM) 64-Bit Server VM 18.9 (11.0.8+10-LTS, mixed mode, tiered, compressed oops, parallel gc, windows-amd64)
# No core dump will be written. Minidumps are not enabled by default on client versions of Windows
#

---------------  S U M M A R Y ------------

Command Line: --add-modules=ALL-SYSTEM --add-opens=java.base/java.util=ALL-UNNAMED --add-opens=java.base/java.lang=ALL-UNNAMED -Declipse.application=org.eclipse.jdt.ls.core.id1 -Dosgi.bundles.defaultStartLevel=4 -Declipse.product=org.eclipse.jdt.ls.core.product -Djava.import.generatesMetadataFilesAtProjectRoot=false -Dfile.encoding=utf8 -DwatchParentProcess=false -XX:+UseParallelGC -XX:GCTimeRatio=4 -XX:AdaptiveSizePolicyWeight=90 -Dsun.zip.disableMemoryMapping=true -Xmx1G -Xms100m -javaagent:c:\Users\LENOVO\.vscode\extensions\gabrielbb.vscode-lombok-1.0.1\server\lombok.jar -Xverify:none c:\Users\LENOVO\.vscode\extensions\redhat.java-1.1.0\server\plugins\org.eclipse.equinox.launcher_1.6.400.v20210924-0641.jar -configuration c:\Users\LENOVO\AppData\Roaming\Code\User\globalStorage\redhat.java\1.1.0\config_ss_win -data c:\Users\LENOVO\AppData\Roaming\Code\User\workspaceStorage\9307fb3eea86e2ba58d94150a88bb1bc\redhat.java\ss_ws

Host: Intel(R) Core(TM) i3-1005G1 CPU @ 1.20GHz, 4 cores, 3G,  Windows 10 , 64 bit Build 19041 (10.0.19041.1348)
Time: Sun Dec  5 16:29:13 2021 SE Asia Standard Time elapsed time: 36 seconds (0d 0h 0m 36s)

---------------  T H R E A D  ---------------

Current thread (0x000001929efd9800):  JavaThread "C2 CompilerThread0" daemon [_thread_in_native, id=11704, stack(0x0000003b48000000,0x0000003b48100000)]


Current CompileTask:
C2:  36205 1997       4       java.util.Properties::loadConvert (524 bytes)

Stack: [0x0000003b48000000,0x0000003b48100000]
Native frames: (J=compiled Java code, j=interpreted, Vv=VM code, C=native code)
V  [jvm.dll+0x601aea]
V  [jvm.dll+0x737fef]
V  [jvm.dll+0x739675]
V  [jvm.dll+0x739cf3]
V  [jvm.dll+0x242848]
V  [jvm.dll+0xb999c]
V  [jvm.dll+0xb9f2c]
V  [jvm.dll+0x2b2f34]
V  [jvm.dll+0x523966]
V  [jvm.dll+0x2044ad]
V  [jvm.dll+0x1fe3fa]
V  [jvm.dll+0x1fb37f]
V  [jvm.dll+0x17e0fc]
V  [jvm.dll+0x20aaa4]
V  [jvm.dll+0x208b7b]
V  [jvm.dll+0x6ff90c]
V  [jvm.dll+0x6f845c]
V  [jvm.dll+0x600d66]
C  [ucrtbase.dll+0x21bb2]
C  [KERNEL32.DLL+0x17034]
C  [ntdll.dll+0x52651]


---------------  P R O C E S S  ---------------

Threads class SMR info:
_java_thread_list=0x00000192a0734e70, length=15, elements={
0x00000192851d1000, 0x000001929ef6b800, 0x000001929ef6c800, 0x000001929efd7800,
0x000001929efd8800, 0x000001929efd9800, 0x000001929ef92800, 0x00000192a0148000,
0x00000192a023c000, 0x00000192a03ca800, 0x00000192a0568800, 0x00000192a0ba1000,
0x00000192a0777000, 0x00000192a03dd000, 0x00000192a0182000
}

Java Threads: ( => current thread )
  0x00000192851d1000 JavaThread "main" [_thread_blocked, id=20420, stack(0x0000003b47900000,0x0000003b47a00000)]
  0x000001929ef6b800 JavaThread "Reference Handler" daemon [_thread_blocked, id=1416, stack(0x0000003b47c00000,0x0000003b47d00000)]
  0x000001929ef6c800 JavaThread "Finalizer" daemon [_thread_blocked, id=232, stack(0x0000003b47d00000,0x0000003b47e00000)]
  0x000001929efd7800 JavaThread "Signal Dispatcher" daemon [_thread_blocked, id=8896, stack(0x0000003b47e00000,0x0000003b47f00000)]
  0x000001929efd8800 JavaThread "Attach Listener" daemon [_thread_blocked, id=19888, stack(0x0000003b47f00000,0x0000003b48000000)]
=>0x000001929efd9800 JavaThread "C2 CompilerThread0" daemon [_thread_in_native, id=11704, stack(0x0000003b48000000,0x0000003b48100000)]
  0x000001929ef92800 JavaThread "C1 CompilerThread0" daemon [_thread_in_native, id=8628, stack(0x0000003b48100000,0x0000003b48200000)]
  0x00000192a0148000 JavaThread "Sweeper thread" daemon [_thread_blocked, id=14612, stack(0x0000003b48200000,0x0000003b48300000)]
  0x00000192a023c000 JavaThread "Common-Cleaner" daemon [_thread_blocked, id=2556, stack(0x0000003b48300000,0x0000003b48400000)]
  0x00000192a03ca800 JavaThread "Service Thread" daemon [_thread_blocked, id=11900, stack(0x0000003b48400000,0x0000003b48500000)]
  0x00000192a0568800 JavaThread "Active Thread: Equinox Container: ebff8aa3-5926-4c9a-92a6-c37b310f23c0" [_thread_blocked, id=17140, stack(0x0000003b48700000,0x0000003b48800000)]
  0x00000192a0ba1000 JavaThread "Framework Event Dispatcher: Equinox Container: ebff8aa3-5926-4c9a-92a6-c37b310f23c0" daemon [_thread_blocked, id=19192, stack(0x0000003b48800000,0x0000003b48900000)]
  0x00000192a0777000 JavaThread "Start Level: Equinox Container: ebff8aa3-5926-4c9a-92a6-c37b310f23c0" daemon [_thread_in_vm, id=2632, stack(0x0000003b48900000,0x0000003b48a00000)]
  0x00000192a03dd000 JavaThread "SCR Component Actor" daemon [_thread_blocked, id=10180, stack(0x0000003b48a00000,0x0000003b48b00000)]
  0x00000192a0182000 JavaThread "Worker-JM" [_thread_blocked, id=19452, stack(0x0000003b48e00000,0x0000003b48f00000)]

Other Threads:
  0x000001929eea3000 VMThread "VM Thread" [stack: 0x0000003b47b00000,0x0000003b47c00000] [id=19688]
  0x00000192a0415000 WatcherThread [stack: 0x0000003b48500000,0x0000003b48600000] [id=16012]
  0x00000192851e7000 GCTaskThread "ParGC Thread#0" [stack: 0x0000003b47a00000,0x0000003b47b00000] [id=17560]
  0x00000192a0c14800 GCTaskThread "ParGC Thread#1" [stack: 0x0000003b48600000,0x0000003b48700000] [id=3292]
  0x00000192a1073800 GCTaskThread "ParGC Thread#2" [stack: 0x0000003b48b00000,0x0000003b48c00000] [id=17448]
  0x00000192a1074000 GCTaskThread "ParGC Thread#3" [stack: 0x0000003b48c00000,0x0000003b48d00000] [id=4508]

Threads with active compile tasks:
C2 CompilerThread0  36266 1997       4       java.util.Properties::loadConvert (524 bytes)
C1 CompilerThread0  36266 2016   !   3       java.net.URL::<init> (543 bytes)

VM state:not at safepoint (normal execution)

VM Mutex/Monitor currently owned by a thread: None

Heap address: 0x00000000c0000000, size: 1024 MB, Compressed Oops mode: 32-bit
Narrow klass base: 0x0000000000000000, Narrow klass shift: 3
Compressed class space size: 1073741824 Address: 0x0000000100000000

Heap:
 PSYoungGen      total 29696K, used 4630K [0x00000000eab00000, 0x00000000ecc00000, 0x0000000100000000)
  eden space 25600K, 18% used [0x00000000eab00000,0x00000000eaf859e0,0x00000000ec400000)
  from space 4096K, 0% used [0x00000000ec400000,0x00000000ec400000,0x00000000ec800000)
  to   space 4096K, 0% used [0x00000000ec800000,0x00000000ec800000,0x00000000ecc00000)
 ParOldGen       total 68608K, used 5695K [0x00000000c0000000, 0x00000000c4300000, 0x00000000eab00000)
  object space 68608K, 8% used [0x00000000c0000000,0x00000000c058fff0,0x00000000c4300000)
 Metaspace       used 19424K, capacity 20394K, committed 20736K, reserved 1075200K
  class space    used 1836K, capacity 2207K, committed 2304K, reserved 1048576K

Card table byte_map: [0x0000019284b90000,0x0000019284da0000] _byte_map_base: 0x0000019284590000

Marking Bits: (ParMarkBitMap*) 0x00007ffdfdd6e2a0
 Begin Bits: [0x000001929c5e0000, 0x000001929d5e0000)
 End Bits:   [0x000001929d5e0000, 0x000001929e5e0000)

Polling page: 0x0000019283060000

Metaspace:

Usage:
  Non-class:     17.76 MB capacity,    17.18 MB ( 97%) used,   559.93 KB (  3%) free+waste,    39.13 KB ( <1%) overhead. 
      Class:      2.16 MB capacity,     1.79 MB ( 83%) used,   352.19 KB ( 16%) free+waste,    19.31 KB ( <1%) overhead. 
       Both:     19.92 MB capacity,    18.97 MB ( 95%) used,   912.12 KB (  4%) free+waste,    58.44 KB ( <1%) overhead. 

Virtual space:
  Non-class space:       26.00 MB reserved,      18.00 MB ( 69%) committed 
      Class space:        1.00 GB reserved,       2.25 MB ( <1%) committed 
             Both:        1.03 GB reserved,      20.25 MB (  2%) committed 

Chunk freelists:
   Non-Class:  6.13 KB
       Class:  128 bytes
        Both:  6.25 KB

CodeHeap 'non-profiled nmethods': size=120064Kb used=735Kb max_used=735Kb free=119328Kb
 bounds [0x00000192950a0000, 0x0000019295310000, 0x000001929c5e0000]
CodeHeap 'profiled nmethods': size=120000Kb used=4185Kb max_used=4185Kb free=115814Kb
 bounds [0x000001928db70000, 0x000001928df90000, 0x00000192950a0000]
CodeHeap 'non-nmethods': size=5696Kb used=1136Kb max_used=1148Kb free=4559Kb
 bounds [0x000001928d5e0000, 0x000001928d850000, 0x000001928db70000]
 total_blobs=2449 nmethods=2006 adapters=356
 compilation: enabled
              stopped_count=0, restarted_count=0
 full_count=0

Compilation events (10 events):
Event: 36.185 Thread 0x000001929ef92800 1999       3       java.lang.reflect.Field::acquireFieldAccessor (59 bytes)
Event: 36.185 Thread 0x000001929ef92800 nmethod 1999 0x000001928df7b510 code [0x000001928df7b700, 0x000001928df7bc40]
Event: 36.185 Thread 0x000001929ef92800 2000       3       java.lang.reflect.Field::set (30 bytes)
Event: 36.186 Thread 0x000001929ef92800 nmethod 2000 0x000001928df7be10 code [0x000001928df7c020, 0x000001928df7c600]
Event: 36.187 Thread 0x000001929efd9800 nmethod 1995 0x0000019295157090 code [0x0000019295157220, 0x00000192951575b8]
Event: 36.187 Thread 0x000001929efd9800 1997       4       java.util.Properties::loadConvert (524 bytes)
Event: 36.187 Thread 0x000001929ef92800 2003       3       org.eclipse.osgi.storage.bundlefile.ZipBundleFile::getZipEntry (87 bytes)
Event: 36.189 Thread 0x000001929ef92800 nmethod 2003 0x000001928df7c810 code [0x000001928df7cb80, 0x000001928df7e280]
Event: 36.199 Thread 0x000001929ef92800 2004       1       org.eclipse.osgi.internal.loader.sources.PackageSource::isNullSource (2 bytes)
Event: 36.199 Thread 0x000001929ef92800 nmethod 2004 0x0000019295157710 code [0x00000192951578a0, 0x00000192951579b8]

GC Heap History (8 events):
Event: 15.267 GC heap before
{Heap before GC invocations=1 (full 0):
 PSYoungGen      total 29696K, used 25600K [0x00000000eab00000, 0x00000000ecc00000, 0x0000000100000000)
  eden space 25600K, 100% used [0x00000000eab00000,0x00000000ec400000,0x00000000ec400000)
  from space 4096K, 0% used [0x00000000ec800000,0x00000000ec800000,0x00000000ecc00000)
  to   space 4096K, 0% used [0x00000000ec400000,0x00000000ec400000,0x00000000ec800000)
 ParOldGen       total 68608K, used 0K [0x00000000c0000000, 0x00000000c4300000, 0x00000000eab00000)
  object space 68608K, 0% used [0x00000000c0000000,0x00000000c0000000,0x00000000c4300000)
 Metaspace       used 10221K, capacity 10459K, committed 10496K, reserved 1058816K
  class space    used 925K, capacity 1002K, committed 1024K, reserved 1048576K
}
Event: 15.703 GC heap after
{Heap after GC invocations=1 (full 0):
 PSYoungGen      total 29696K, used 2767K [0x00000000eab00000, 0x00000000ecc00000, 0x0000000100000000)
  eden space 25600K, 0% used [0x00000000eab00000,0x00000000eab00000,0x00000000ec400000)
  from space 4096K, 67% used [0x00000000ec400000,0x00000000ec6b3cf0,0x00000000ec800000)
  to   space 4096K, 0% used [0x00000000ec800000,0x00000000ec800000,0x00000000ecc00000)
 ParOldGen       total 68608K, used 0K [0x00000000c0000000, 0x00000000c4300000, 0x00000000eab00000)
  object space 68608K, 0% used [0x00000000c0000000,0x00000000c0000000,0x00000000c4300000)
 Metaspace       used 10221K, capacity 10459K, committed 10496K, reserved 1058816K
  class space    used 925K, capacity 1002K, committed 1024K, reserved 1048576K
}
Event: 23.073 GC heap before
{Heap before GC invocations=2 (full 0):
 PSYoungGen      total 29696K, used 28367K [0x00000000eab00000, 0x00000000ecc00000, 0x0000000100000000)
  eden space 25600K, 100% used [0x00000000eab00000,0x00000000ec400000,0x00000000ec400000)
  from space 4096K, 67% used [0x00000000ec400000,0x00000000ec6b3cf0,0x00000000ec800000)
  to   space 4096K, 0% used [0x00000000ec800000,0x00000000ec800000,0x00000000ecc00000)
 ParOldGen       total 68608K, used 0K [0x00000000c0000000, 0x00000000c4300000, 0x00000000eab00000)
  object space 68608K, 0% used [0x00000000c0000000,0x00000000c0000000,0x00000000c4300000)
 Metaspace       used 14221K, capacity 14627K, committed 14848K, reserved 1062912K
  class space    used 1308K, capacity 1476K, committed 1536K, reserved 1048576K
}
Event: 23.085 GC heap after
{Heap after GC invocations=2 (full 0):
 PSYoungGen      total 29696K, used 4091K [0x00000000eab00000, 0x00000000ecc00000, 0x0000000100000000)
  eden space 25600K, 0% used [0x00000000eab00000,0x00000000eab00000,0x00000000ec400000)
  from space 4096K, 99% used [0x00000000ec800000,0x00000000ecbfec28,0x00000000ecc00000)
  to   space 4096K, 0% used [0x00000000ec400000,0x00000000ec400000,0x00000000ec800000)
 ParOldGen       total 68608K, used 72K [0x00000000c0000000, 0x00000000c4300000, 0x00000000eab00000)
  object space 68608K, 0% used [0x00000000c0000000,0x00000000c0012000,0x00000000c4300000)
 Metaspace       used 14221K, capacity 14627K, committed 14848K, reserved 1062912K
  class space    used 1308K, capacity 1476K, committed 1536K, reserved 1048576K
}
Event: 35.893 GC heap before
{Heap before GC invocations=3 (full 0):
 PSYoungGen      total 29696K, used 26719K [0x00000000eab00000, 0x00000000ecc00000, 0x0000000100000000)
  eden space 25600K, 88% used [0x00000000eab00000,0x00000000ec119240,0x00000000ec400000)
  from space 4096K, 99% used [0x00000000ec800000,0x00000000ecbfec28,0x00000000ecc00000)
  to   space 4096K, 0% used [0x00000000ec400000,0x00000000ec400000,0x00000000ec800000)
 ParOldGen       total 68608K, used 72K [0x00000000c0000000, 0x00000000c4300000, 0x00000000eab00000)
  object space 68608K, 0% used [0x00000000c0000000,0x00000000c0012000,0x00000000c4300000)
 Metaspace       used 18834K, capacity 19772K, committed 19840K, reserved 1073152K
  class space    used 1775K, capacity 2125K, committed 2176K, reserved 1048576K
}
Event: 35.913 GC heap after
{Heap after GC invocations=3 (full 0):
 PSYoungGen      total 29696K, used 4072K [0x00000000eab00000, 0x00000000ecc00000, 0x0000000100000000)
  eden space 25600K, 0% used [0x00000000eab00000,0x00000000eab00000,0x00000000ec400000)
  from space 4096K, 99% used [0x00000000ec400000,0x00000000ec7fa320,0x00000000ec800000)
  to   space 4096K, 0% used [0x00000000ec800000,0x00000000ec800000,0x00000000ecc00000)
 ParOldGen       total 68608K, used 1732K [0x00000000c0000000, 0x00000000c4300000, 0x00000000eab00000)
  object space 68608K, 2% used [0x00000000c0000000,0x00000000c01b12f0,0x00000000c4300000)
 Metaspace       used 18834K, capacity 19772K, committed 19840K, reserved 1073152K
  class space    used 1775K, capacity 2125K, committed 2176K, reserved 1048576K
}
Event: 35.913 GC heap before
{Heap before GC invocations=4 (full 1):
 PSYoungGen      total 29696K, used 4072K [0x00000000eab00000, 0x00000000ecc00000, 0x0000000100000000)
  eden space 25600K, 0% used [0x00000000eab00000,0x00000000eab00000,0x00000000ec400000)
  from space 4096K, 99% used [0x00000000ec400000,0x00000000ec7fa320,0x00000000ec800000)
  to   space 4096K, 0% used [0x00000000ec800000,0x00000000ec800000,0x00000000ecc00000)
 ParOldGen       total 68608K, used 1732K [0x00000000c0000000, 0x00000000c4300000, 0x00000000eab00000)
  object space 68608K, 2% used [0x00000000c0000000,0x00000000c01b12f0,0x00000000c4300000)
 Metaspace       used 18834K, capacity 19772K, committed 19840K, reserved 1073152K
  class space    used 1775K, capacity 2125K, committed 2176K, reserved 1048576K
}
Event: 35.978 GC heap after
{Heap after GC invocations=4 (full 1):
 PSYoungGen      total 29696K, used 0K [0x00000000eab00000, 0x00000000ecc00000, 0x0000000100000000)
  eden space 25600K, 0% used [0x00000000eab00000,0x00000000eab00000,0x00000000ec400000)
  from space 4096K, 0% used [0x00000000ec400000,0x00000000ec400000,0x00000000ec800000)
  to   space 4096K, 0% used [0x00000000ec800000,0x00000000ec800000,0x00000000ecc00000)
 ParOldGen       total 68608K, used 5695K [0x00000000c0000000, 0x00000000c4300000, 0x00000000eab00000)
  object space 68608K, 8% used [0x00000000c0000000,0x00000000c058fff0,0x00000000c4300000)
 Metaspace       used 18834K, capacity 19772K, committed 19840K, reserved 1073152K
  class space    used 1775K, capacity 2125K, committed 2176K, reserved 1048576K
}

Deoptimization events (10 events):
Event: 30.264 Thread 0x00000192a0777000 Uncommon trap: reason=class_check action=maybe_recompile pc=0x0000019295106020 method=java.io.DataInputStream.readUnsignedShort()I @ 4 c2
Event: 30.271 Thread 0x00000192a0777000 Uncommon trap: reason=class_check action=maybe_recompile pc=0x0000019295106020 method=java.io.DataInputStream.readUnsignedShort()I @ 4 c2
Event: 30.271 Thread 0x00000192a0777000 Uncommon trap: reason=class_check action=maybe_recompile pc=0x0000019295106020 method=java.io.DataInputStream.readUnsignedShort()I @ 4 c2
Event: 31.125 Thread 0x00000192a0777000 Uncommon trap: reason=unstable_if action=reinterpret pc=0x00000192950e0ce4 method=java.lang.ThreadLocal$ThreadLocalMap.getEntry(Ljava/lang/ThreadLocal;)Ljava/lang/ThreadLocal$ThreadLocalMap$Entry; @ 29 c2
Event: 34.371 Thread 0x00000192a0777000 Uncommon trap: reason=bimorphic_or_optimized_type_check action=maybe_recompile pc=0x0000019295140a74 method=java.io.DataInputStream.readInt()I @ 4 c2
Event: 34.371 Thread 0x00000192a0777000 Uncommon trap: reason=bimorphic_or_optimized_type_check action=maybe_recompile pc=0x0000019295140a74 method=java.io.DataInputStream.readInt()I @ 4 c2
Event: 34.371 Thread 0x00000192a0777000 Uncommon trap: reason=bimorphic_or_optimized_type_check action=maybe_recompile pc=0x0000019295140a74 method=java.io.DataInputStream.readInt()I @ 4 c2
Event: 34.371 Thread 0x00000192a0777000 Uncommon trap: reason=bimorphic_or_optimized_type_check action=maybe_recompile pc=0x0000019295140a74 method=java.io.DataInputStream.readInt()I @ 4 c2
Event: 35.708 Thread 0x00000192a0777000 Uncommon trap: reason=unstable_if action=reinterpret pc=0x00000192950b73c4 method=java.lang.StringLatin1.canEncode(I)Z @ 4 c2
Event: 35.708 Thread 0x00000192a0777000 Uncommon trap: reason=unstable_if action=reinterpret pc=0x00000192950b5a1c method=java.lang.AbstractStringBuilder.isLatin1()Z @ 10 c2

Classes redefined (0 events):
No events

Internal exceptions (10 events):
Event: 19.250 Thread 0x00000192851d1000 Exception <a 'java/lang/NoSuchMethodError'{0x00000000eb1fdce0}: java.lang.invoke.DirectMethodHandle$Holder.invokeSpecial(Ljava/lang/Object;Ljava/lang/Object;ILjava/lang/Object;Ljava/lang/Object;)Ljava/lang/Object;> (0x00000000eb1fdce0) thrown at [./open/s
Event: 20.974 Thread 0x00000192851d1000 Exception <a 'java/lang/NoSuchMethodError'{0x00000000ebc953b0}: java.lang.invoke.DirectMethodHandle$Holder.invokeStatic(Ljava/lang/Object;ILjava/lang/Object;)Ljava/lang/Object;> (0x00000000ebc953b0) thrown at [./open/src/hotspot/share/interpreter/linkReso
Event: 20.991 Thread 0x00000192851d1000 Exception <a 'java/lang/NoSuchMethodError'{0x00000000ebcbcba8}: java.lang.invoke.Invokers$Holder.linkToTargetMethod(Ljava/lang/Object;Ljava/lang/Object;Ljava/lang/Object;ILjava/lang/Object;Ljava/lang/Object;)Ljava/lang/Object;> (0x00000000ebcbcba8) thrown
Event: 22.252 Thread 0x00000192851d1000 Exception <a 'java/lang/UnsatisfiedLinkError'{0x00000000ec169898}: org.eclipse.equinox.launcher.JNIBridge._update_splash()V> (0x00000000ec169898) thrown at [./open/src/hotspot/share/prims/nativeLookup.cpp, line 397]
Event: 22.296 Thread 0x00000192a0777000 Exception <a 'java/lang/NoSuchMethodError'{0x00000000ec1ca960}: java.lang.invoke.Invokers$Holder.linkToTargetMethod(Ljava/lang/Object;Ljava/lang/Object;Ljava/lang/Object;ILjava/lang/Object;)Ljava/lang/Object;> (0x00000000ec1ca960) thrown at [./open/src/ho
Event: 23.805 Thread 0x00000192a0777000 Exception <a 'java/lang/NoSuchMethodError'{0x00000000eaea9e10}: java.lang.invoke.DirectMethodHandle$Holder.invokeStatic(Ljava/lang/Object;Ljava/lang/Object;Ljava/lang/Object;Ljava/lang/Object;Ljava/lang/Object;Ljava/lang/Object;Ljava/lang/Object;Ljava/lan
Event: 23.822 Thread 0x00000192a0777000 Exception <a 'java/lang/NoSuchMethodError'{0x00000000eaebdf80}: java.lang.invoke.DirectMethodHandle$Holder.invokeStatic(Ljava/lang/Object;Ljava/lang/Object;Ljava/lang/Object;Ljava/lang/Object;Ljava/lang/Object;Ljava/lang/Object;Ljava/lang/Object;Ljava/lan
Event: 23.829 Thread 0x00000192a0777000 Exception <a 'java/lang/NoSuchMethodError'{0x00000000eaecbe90}: java.lang.invoke.DirectMethodHandle$Holder.invokeSpecial(Ljava/lang/Object;Ljava/lang/Object;IILjava/lang/Object;Ljava/lang/Object;Ljava/lang/Object;)Ljava/lang/Object;> (0x00000000eaecbe90) 
Event: 23.830 Thread 0x00000192a0777000 Exception <a 'java/lang/NoSuchMethodError'{0x00000000eaecf418}: java.lang.invoke.DelegatingMethodHandle$Holder.reinvoke_L(Ljava/lang/Object;IILjava/lang/Object;Ljava/lang/Object;Ljava/lang/Object;)Ljava/lang/Object;> (0x00000000eaecf418) thrown at [./open
Event: 29.988 Thread 0x00000192a0777000 Exception <a 'java/io/FileNotFoundException'{0x00000000eb9189e8}> (0x00000000eb9189e8) thrown at [./open/src/hotspot/share/prims/jni.cpp, line 611]

Events (10 events):
Event: 36.124 Executing VM operation: RevokeBias done
Event: 36.124 Executing VM operation: RevokeBias
Event: 36.124 Executing VM operation: RevokeBias done
Event: 36.128 Thread 0x00000192a0226800 Thread exited: 0x00000192a0226800
Event: 36.131 Executing VM operation: RevokeBias
Event: 36.131 Executing VM operation: RevokeBias done
Event: 36.131 Executing VM operation: RevokeBias
Event: 36.132 Executing VM operation: RevokeBias done
Event: 36.152 Executing VM operation: RevokeBias
Event: 36.152 Executing VM operation: RevokeBias done


Dynamic libraries:
0x00007ff7cad00000 - 0x00007ff7cad0f000 	C:\Program Files\Java\jdk-11.0.8\bin\java.exe
0x00007ffe5ffd0000 - 0x00007ffe601c5000 	C:\WINDOWS\SYSTEM32\ntdll.dll
0x00007ffe5fea0000 - 0x00007ffe5ff5e000 	C:\WINDOWS\System32\KERNEL32.DLL
0x00007ffe5dd20000 - 0x00007ffe5dfe8000 	C:\WINDOWS\System32\KERNELBASE.dll
0x00007ffe5daa0000 - 0x00007ffe5dba0000 	C:\WINDOWS\System32\ucrtbase.dll
0x00007ffe4eda0000 - 0x00007ffe4edb5000 	C:\Program Files\Java\jdk-11.0.8\bin\VCRUNTIME140.dll
0x00007ffe4eee0000 - 0x00007ffe4eef8000 	C:\Program Files\Java\jdk-11.0.8\bin\jli.dll
0x00007ffe5f270000 - 0x00007ffe5f31c000 	C:\WINDOWS\System32\ADVAPI32.dll
0x00007ffe5e720000 - 0x00007ffe5e7be000 	C:\WINDOWS\System32\msvcrt.dll
0x00007ffe5e0a0000 - 0x00007ffe5e13b000 	C:\WINDOWS\System32\sechost.dll
0x00007ffe5f810000 - 0x00007ffe5f93a000 	C:\WINDOWS\System32\RPCRT4.dll
0x00007ffe5fcf0000 - 0x00007ffe5fe91000 	C:\WINDOWS\System32\USER32.dll
0x00007ffe5d6f0000 - 0x00007ffe5d712000 	C:\WINDOWS\System32\win32u.dll
0x00007ffe5e270000 - 0x00007ffe5e29b000 	C:\WINDOWS\System32\GDI32.dll
0x00007ffe4b000000 - 0x00007ffe4b29a000 	C:\WINDOWS\WinSxS\amd64_microsoft.windows.common-controls_6595b64144ccf1df_6.0.19041.1110_none_60b5254171f9507e\COMCTL32.dll
0x00007ffe5d720000 - 0x00007ffe5d82b000 	C:\WINDOWS\System32\gdi32full.dll
0x00007ffe5dba0000 - 0x00007ffe5dc3d000 	C:\WINDOWS\System32\msvcp_win.dll
0x00007ffe549e0000 - 0x00007ffe549ea000 	C:\WINDOWS\SYSTEM32\VERSION.dll
0x00007ffe5f100000 - 0x00007ffe5f130000 	C:\WINDOWS\System32\IMM32.DLL
0x00007ffe03f70000 - 0x00007ffe0400b000 	C:\Program Files\Java\jdk-11.0.8\bin\msvcp140.dll
0x00007ffdfd340000 - 0x00007ffdfde26000 	C:\Program Files\Java\jdk-11.0.8\bin\server\jvm.dll
0x00007ffe5f320000 - 0x00007ffe5f328000 	C:\WINDOWS\System32\PSAPI.DLL
0x00007ffe4ae00000 - 0x00007ffe4ae09000 	C:\WINDOWS\SYSTEM32\WSOCK32.dll
0x00007ffe5f330000 - 0x00007ffe5f39b000 	C:\WINDOWS\System32\WS2_32.dll
0x00007ffe49a20000 - 0x00007ffe49a47000 	C:\WINDOWS\SYSTEM32\WINMM.dll
0x00007ffe5bfc0000 - 0x00007ffe5bfd2000 	C:\WINDOWS\SYSTEM32\kernel.appcore.dll
0x00007ffe4eec0000 - 0x00007ffe4eed0000 	C:\Program Files\Java\jdk-11.0.8\bin\verify.dll
0x00007ffe5b4f0000 - 0x00007ffe5b6d4000 	C:\WINDOWS\SYSTEM32\DBGHELP.DLL
0x00007ffe461a0000 - 0x00007ffe461cc000 	C:\WINDOWS\SYSTEM32\dbgcore.DLL
0x00007ffe5dc90000 - 0x00007ffe5dd13000 	C:\WINDOWS\System32\bcryptPrimitives.dll
0x00007ffe49df0000 - 0x00007ffe49e18000 	C:\Program Files\Java\jdk-11.0.8\bin\java.dll
0x00007ffe4a5b0000 - 0x00007ffe4a5ba000 	C:\Program Files\Java\jdk-11.0.8\bin\jimage.dll
0x00007ffe49de0000 - 0x00007ffe49dee000 	C:\Program Files\Java\jdk-11.0.8\bin\instrument.dll
0x00007ffe49dc0000 - 0x00007ffe49dd6000 	C:\Program Files\Java\jdk-11.0.8\bin\zip.dll
0x00007ffe5e7c0000 - 0x00007ffe5eeff000 	C:\WINDOWS\System32\SHELL32.dll
0x00007ffe5b6e0000 - 0x00007ffe5be70000 	C:\WINDOWS\SYSTEM32\windows.storage.dll
0x00007ffe5f4b0000 - 0x00007ffe5f805000 	C:\WINDOWS\System32\combase.dll
0x00007ffe5d070000 - 0x00007ffe5d09e000 	C:\WINDOWS\SYSTEM32\Wldp.dll
0x00007ffe5f940000 - 0x00007ffe5f9ed000 	C:\WINDOWS\System32\SHCORE.dll
0x00007ffe5f130000 - 0x00007ffe5f185000 	C:\WINDOWS\System32\shlwapi.dll
0x00007ffe5d630000 - 0x00007ffe5d64f000 	C:\WINDOWS\SYSTEM32\profapi.dll
0x00007ffe48fe0000 - 0x00007ffe48ff9000 	C:\Program Files\Java\jdk-11.0.8\bin\net.dll
0x00007ffe4f730000 - 0x00007ffe4f83c000 	C:\WINDOWS\SYSTEM32\WINHTTP.dll
0x00007ffe5cdd0000 - 0x00007ffe5ce3a000 	C:\WINDOWS\system32\mswsock.dll
0x00007ffe48c10000 - 0x00007ffe48c22000 	C:\Program Files\Java\jdk-11.0.8\bin\nio.dll
0x00007ffe5cfc0000 - 0x00007ffe5cfd8000 	C:\WINDOWS\SYSTEM32\CRYPTSP.dll
0x00007ffe5c750000 - 0x00007ffe5c784000 	C:\WINDOWS\system32\rsaenh.dll
0x00007ffe5dff0000 - 0x00007ffe5e017000 	C:\WINDOWS\System32\bcrypt.dll
0x00007ffe5d5b0000 - 0x00007ffe5d5de000 	C:\WINDOWS\SYSTEM32\USERENV.dll
0x00007ffe5cfe0000 - 0x00007ffe5cfec000 	C:\WINDOWS\SYSTEM32\CRYPTBASE.dll
0x00007ffe5cac0000 - 0x00007ffe5cafb000 	C:\WINDOWS\SYSTEM32\IPHLPAPI.DLL
0x00007ffe5f020000 - 0x00007ffe5f028000 	C:\WINDOWS\System32\NSI.dll
0x00007ffe52b80000 - 0x00007ffe52b97000 	C:\WINDOWS\SYSTEM32\dhcpcsvc6.DLL
0x00007ffe52b60000 - 0x00007ffe52b7d000 	C:\WINDOWS\SYSTEM32\dhcpcsvc.DLL
0x00007ffe5cb00000 - 0x00007ffe5cbcb000 	C:\WINDOWS\SYSTEM32\DNSAPI.dll
0x00007ffe26520000 - 0x00007ffe2655e000 	C:\Users\LENOVO\AppData\Roaming\Code\User\globalStorage\redhat.java\1.1.0\config_ss_win\org.eclipse.equinox.launcher\org.eclipse.equinox.launcher.win32.win32.x86_64_1.2.400.v20211116-1129\eclipse_11601.dll
0x00007ffe5e140000 - 0x00007ffe5e26a000 	C:\WINDOWS\System32\ole32.dll

dbghelp: loaded successfully - version: 4.0.5 - missing functions: none
symbol engine: initialized successfully - sym options: 0x614 - pdb path: .;C:\Program Files\Java\jdk-11.0.8\bin;C:\WINDOWS\SYSTEM32;C:\WINDOWS\WinSxS\amd64_microsoft.windows.common-controls_6595b64144ccf1df_6.0.19041.1110_none_60b5254171f9507e;C:\Program Files\Java\jdk-11.0.8\bin\server;C:\Users\LENOVO\AppData\Roaming\Code\User\globalStorage\redhat.java\1.1.0\config_ss_win\org.eclipse.equinox.launcher\org.eclipse.equinox.launcher.win32.win32.x86_64_1.2.400.v20211116-1129

VM Arguments:
jvm_args: --add-modules=ALL-SYSTEM --add-opens=java.base/java.util=ALL-UNNAMED --add-opens=java.base/java.lang=ALL-UNNAMED -Declipse.application=org.eclipse.jdt.ls.core.id1 -Dosgi.bundles.defaultStartLevel=4 -Declipse.product=org.eclipse.jdt.ls.core.product -Djava.import.generatesMetadataFilesAtProjectRoot=false -Dfile.encoding=utf8 -DwatchParentProcess=false -XX:+UseParallelGC -XX:GCTimeRatio=4 -XX:AdaptiveSizePolicyWeight=90 -Dsun.zip.disableMemoryMapping=true -Xmx1G -Xms100m -javaagent:c:\Users\LENOVO\.vscode\extensions\gabrielbb.vscode-lombok-1.0.1\server\lombok.jar -Xverify:none 
java_command: c:\Users\LENOVO\.vscode\extensions\redhat.java-1.1.0\server\plugins\org.eclipse.equinox.launcher_1.6.400.v20210924-0641.jar -configuration c:\Users\LENOVO\AppData\Roaming\Code\User\globalStorage\redhat.java\1.1.0\config_ss_win -data c:\Users\LENOVO\AppData\Roaming\Code\User\workspaceStorage\9307fb3eea86e2ba58d94150a88bb1bc\redhat.java\ss_ws
java_class_path (initial): c:\Users\LENOVO\.vscode\extensions\redhat.java-1.1.0\server\plugins\org.eclipse.equinox.launcher_1.6.400.v20210924-0641.jar
Launcher Type: SUN_STANDARD

[Global flags]
    uintx AdaptiveSizePolicyWeight                 = 90                                        {product} {command line}
     bool BytecodeVerificationLocal                = false                                     {product} {command line}
     bool BytecodeVerificationRemote               = false                                     {product} {command line}
     intx CICompilerCount                          = 3                                         {product} {ergonomic}
    uintx GCTimeRatio                              = 4                                         {product} {command line}
   size_t InitialHeapSize                          = 104857600                                 {product} {command line}
   size_t MaxHeapSize                              = 1073741824                                {product} {command line}
   size_t MaxNewSize                               = 357564416                                 {product} {ergonomic}
   size_t MinHeapDeltaBytes                        = 524288                                    {product} {ergonomic}
   size_t NewSize                                  = 34603008                                  {product} {ergonomic}
    uintx NonNMethodCodeHeapSize                   = 5830732                                {pd product} {ergonomic}
    uintx NonProfiledCodeHeapSize                  = 122913754                              {pd product} {ergonomic}
   size_t OldSize                                  = 70254592                                  {product} {ergonomic}
    uintx ProfiledCodeHeapSize                     = 122913754                              {pd product} {ergonomic}
    uintx ReservedCodeCacheSize                    = 251658240                              {pd product} {ergonomic}
     bool SegmentedCodeCache                       = true                                      {product} {ergonomic}
     bool UseCompressedClassPointers               = true                                 {lp64_product} {ergonomic}
     bool UseCompressedOops                        = true                                 {lp64_product} {ergonomic}
     bool UseLargePagesIndividualAllocation        = false                                  {pd product} {ergonomic}
     bool UseParallelGC                            = true                                      {product} {command line}

Logging:
Log output configuration:
 #0: stdout all=warning uptime,level,tags
 #1: stderr all=off uptime,level,tags

Environment Variables:
JAVA_HOME=C:\Program Files\Java\jdk-11.0.8
PATH=C:\Program Files (x86)\Common Files\Oracle\Java\javapath;C:\Program Files\Common Files\Oracle\Java\javapath;C:\WINDOWS\system32;C:\WINDOWS;C:\WINDOWS\System32\Wbem;C:\WINDOWS\System32\WindowsPowerShell\v1.0\;C:\WINDOWS\System32\OpenSSH\;C:\Program Files\Git\cmd;C:\Program Files\nodejs\;C:\Program Files\Docker\Docker\resources\bin;C:\ProgramData\DockerDesktop\version-bin;C:\Program Files\Microsoft SQL Server\Client SDK\ODBC\170\Tools\Binn\;C:\Program Files (x86)\Microsoft SQL Server\150\Tools\Binn\;C:\Program Files\Microsoft SQL Server\150\Tools\Binn\;C:\Program Files\Microsoft SQL Server\150\DTS\Binn\;C:\Program Files\Azure Data Studio\bin;C:\Program Files (x86)\Microsoft SQL Server\150\DTS\Binn\;C:\Program Files\dotnet\;C:\Program Files\Microsoft SQL Server\130\Tools\Binn\;C:\Program Files\PuTTY\;C:\Program Files (x86)\dotnet\;C:\Users\LENOVO\AppData\Local\Microsoft\WindowsApps;C:\Program Files\JetBrains\IntelliJ IDEA 2019.3.4\bin;C:\Users\LENOVO\AppData\Local\GitHubDesktop\bin;C:\Users\LENOVO\AppData\Local\Microsoft\WindowsApps;C:\Users\LENOVO\AppData\Local\Programs\Microsoft VS Code\bin;C:\Users\LENOVO\AppData\Roaming\npm;C:\Program Files\Azure Data Studio\bin;C:\Users\LENOVO\AppData\Roaming\netlify\Config\helper\bin;C:\Users\LENOVO\AppData\Roaming\netlify\Config\helper\bin;C:\Program Files\Azure Data Studio\bin;C:\Program Files\Azure Data Studio\bin;C:\Users\LENOVO\.dotnet\tools
USERNAME=LENOVO
OS=Windows_NT
PROCESSOR_IDENTIFIER=Intel64 Family 6 Model 126 Stepping 5, GenuineIntel



---------------  S Y S T E M  ---------------

OS: Windows 10 , 64 bit Build 19041 (10.0.19041.1348)

CPU:total 4 (initial active 4) (2 cores per cpu, 2 threads per core) family 6 model 126 stepping 5, cmov, cx8, fxsr, mmx, sse, sse2, sse3, ssse3, sse4.1, sse4.2, popcnt, avx, avx2, aes, clmul, erms, 3dnowpref, lzcnt, ht, tsc, tscinvbit, bmi1, bmi2, adx, evex, sha, fma

Memory: 4k page, system-wide physical 3891M (271M free)
TotalPageFile size 13629M (AvailPageFile size 0M)
current process WorkingSet (physical memory assigned to process): 87M, peak: 87M
current process commit charge ("private bytes"): 198M, peak: 198M

vm_info: Java HotSpot(TM) 64-Bit Server VM (11.0.8+10-LTS) for windows-amd64 JRE (11.0.8+10-LTS), built on Jun 16 2020 05:53:08 by "mach5one" with unknown MS VC++:1916

END.
