#
# There is insufficient memory for the Java Runtime Environment to continue.
# Native memory allocation (malloc) failed to allocate 561936 bytes for Chunk::new
# Possible reasons:
#   The system is out of physical RAM or swap space
#   The process is running with CompressedOops enabled, and the Java Heap may be blocking the growth of the native heap
# Possible solutions:
#   Reduce memory load on the system
#   Increase physical memory or swap space
#   Check if swap backing store is full
#   Decrease Java heap size (-Xmx/-Xms)
#   Decrease number of Java threads
#   Decrease Java thread stack sizes (-Xss)
#   Set larger code cache with -XX:ReservedCodeCacheSize=
#   JVM is running with Unscaled Compressed Oops mode in which the Java heap is
#     placed in the first 4GB address space. The Java Heap base address is the
#     maximum limit for the native heap growth. Please use -XX:HeapBaseMinAddress
#     to set the Java Heap base and to place the Java Heap above 4GB virtual address.
# This output file may be truncated or incomplete.
#
#  Out of Memory Error (./open/src/hotspot/share/memory/arena.cpp:197), pid=1732, tid=14300
#
# JRE version: Java(TM) SE Runtime Environment 18.9 (11.0.8+10) (build 11.0.8+10-LTS)
# Java VM: Java HotSpot(TM) 64-Bit Server VM 18.9 (11.0.8+10-LTS, mixed mode, tiered, compressed oops, g1 gc, windows-amd64)
# No core dump will be written. Minidumps are not enabled by default on client versions of Windows
#

---------------  S U M M A R Y ------------

Command Line: com.Sell_Store.demo.DemoApplication

Host: Intel(R) Core(TM) i3-1005G1 CPU @ 1.20GHz, 4 cores, 3G,  Windows 10 , 64 bit Build 19041 (10.0.19041.1348)
Time: Mon Dec 13 19:13:52 2021 SE Asia Standard Time elapsed time: 8 seconds (0d 0h 0m 8s)

---------------  T H R E A D  ---------------

Current thread (0x0000023f7f7de800):  JavaThread "C2 CompilerThread0" daemon [_thread_in_native, id=14300, stack(0x0000007c9cc00000,0x0000007c9cd00000)]


Current CompileTask:
C2:   8095 3699       4       sun.invoke.util.BytecodeDescriptor::unparseSig (91 bytes)

Stack: [0x0000007c9cc00000,0x0000007c9cd00000]
Native frames: (J=compiled Java code, j=interpreted, Vv=VM code, C=native code)
V  [jvm.dll+0x601aea]
V  [jvm.dll+0x737fef]
V  [jvm.dll+0x739675]
V  [jvm.dll+0x739cf3]
V  [jvm.dll+0x242848]
V  [jvm.dll+0xb999c]
V  [jvm.dll+0xb9f2c]
V  [jvm.dll+0x3441a7]
V  [jvm.dll+0x312003]
V  [jvm.dll+0x31134a]
V  [jvm.dll+0x1fc2e5]
V  [jvm.dll+0x1fb49f]
V  [jvm.dll+0x17e0fc]
V  [jvm.dll+0x20aaa4]
V  [jvm.dll+0x208b7b]
V  [jvm.dll+0x6ff90c]
V  [jvm.dll+0x6f845c]
V  [jvm.dll+0x600d66]
C  [ucrtbase.dll+0x21bb2]
C  [KERNEL32.DLL+0x17034]
C  [ntdll.dll+0x52651]


---------------  P R O C E S S  ---------------

Threads class SMR info:
_java_thread_list=0x0000023f175c1a90, length=14, elements={
0x0000023f7a5ac000, 0x0000023f7f771800, 0x0000023f7f77b000, 0x0000023f7f7dc000,
0x0000023f7f7dd000, 0x0000023f7f7de800, 0x0000023f7f78c800, 0x0000023f7f945800,
0x0000023f7fa37000, 0x0000023f7fa3c000, 0x0000023f18983000, 0x0000023f18525800,
0x0000023f18526800, 0x0000023f18527800
}

Java Threads: ( => current thread )
  0x0000023f7a5ac000 JavaThread "main" [_thread_in_Java, id=15828, stack(0x0000007c9c100000,0x0000007c9c200000)]
  0x0000023f7f771800 JavaThread "Reference Handler" daemon [_thread_blocked, id=16596, stack(0x0000007c9c800000,0x0000007c9c900000)]
  0x0000023f7f77b000 JavaThread "Finalizer" daemon [_thread_blocked, id=3416, stack(0x0000007c9c900000,0x0000007c9ca00000)]
  0x0000023f7f7dc000 JavaThread "Signal Dispatcher" daemon [_thread_blocked, id=13588, stack(0x0000007c9ca00000,0x0000007c9cb00000)]
  0x0000023f7f7dd000 JavaThread "Attach Listener" daemon [_thread_blocked, id=12992, stack(0x0000007c9cb00000,0x0000007c9cc00000)]
=>0x0000023f7f7de800 JavaThread "C2 CompilerThread0" daemon [_thread_in_native, id=14300, stack(0x0000007c9cc00000,0x0000007c9cd00000)]
  0x0000023f7f78c800 JavaThread "C1 CompilerThread0" daemon [_thread_blocked, id=6548, stack(0x0000007c9cd00000,0x0000007c9ce00000)]
  0x0000023f7f945800 JavaThread "Sweeper thread" daemon [_thread_blocked, id=3180, stack(0x0000007c9ce00000,0x0000007c9cf00000)]
  0x0000023f7fa37000 JavaThread "Service Thread" daemon [_thread_blocked, id=8520, stack(0x0000007c9cf00000,0x0000007c9d000000)]
  0x0000023f7fa3c000 JavaThread "Common-Cleaner" daemon [_thread_blocked, id=2956, stack(0x0000007c9d100000,0x0000007c9d200000)]
  0x0000023f18983000 JavaThread "Catalina-utility-1" [_thread_blocked, id=2164, stack(0x0000007c9d300000,0x0000007c9d400000)]
  0x0000023f18525800 JavaThread "Catalina-utility-2" [_thread_blocked, id=11252, stack(0x0000007c9d600000,0x0000007c9d700000)]
  0x0000023f18526800 JavaThread "container-0" [_thread_blocked, id=2364, stack(0x0000007c9d700000,0x0000007c9d800000)]
  0x0000023f18527800 JavaThread "mysql-cj-abandoned-connection-cleanup" daemon [_thread_blocked, id=1676, stack(0x0000007c9d800000,0x0000007c9d900000)]

Other Threads:
  0x0000023f7f749800 VMThread "VM Thread" [stack: 0x0000007c9c700000,0x0000007c9c800000] [id=364]
  0x0000023f7fa3d800 WatcherThread [stack: 0x0000007c9d000000,0x0000007c9d100000] [id=7224]
  0x0000023f7a5c1000 GCTaskThread "GC Thread#0" [stack: 0x0000007c9c200000,0x0000007c9c300000] [id=11856]
  0x0000023f17850800 GCTaskThread "GC Thread#1" [stack: 0x0000007c9d200000,0x0000007c9d300000] [id=8828]
  0x0000023f1808b800 GCTaskThread "GC Thread#2" [stack: 0x0000007c9d400000,0x0000007c9d500000] [id=14656]
  0x0000023f1808c000 GCTaskThread "GC Thread#3" [stack: 0x0000007c9d500000,0x0000007c9d600000] [id=1584]
  0x0000023f7a5da000 ConcurrentGCThread "G1 Main Marker" [stack: 0x0000007c9c300000,0x0000007c9c400000] [id=15976]
  0x0000023f7a5dc800 ConcurrentGCThread "G1 Conc#0" [stack: 0x0000007c9c400000,0x0000007c9c500000] [id=12312]
  0x0000023f7a62c000 ConcurrentGCThread "G1 Refine#0" [stack: 0x0000007c9c500000,0x0000007c9c600000] [id=12892]
  0x0000023f7a62d000 ConcurrentGCThread "G1 Young RemSet Sampling" [stack: 0x0000007c9c600000,0x0000007c9c700000] [id=1844]

Threads with active compile tasks:
C2 CompilerThread0   8135 3699       4       sun.invoke.util.BytecodeDescriptor::unparseSig (91 bytes)

VM state:not at safepoint (normal execution)

VM Mutex/Monitor currently owned by a thread: None

Heap address: 0x00000000c3200000, size: 974 MB, Compressed Oops mode: 32-bit
Narrow klass base: 0x0000000000000000, Narrow klass shift: 3
Compressed class space size: 1073741824 Address: 0x0000000100000000

Heap:
 garbage-first heap   total 76800K, used 30025K [0x00000000c3200000, 0x0000000100000000)
  region size 1024K, 17 young (17408K), 2 survivors (2048K)
 Metaspace       used 42431K, capacity 43604K, committed 43904K, reserved 1087488K
  class space    used 5195K, capacity 5648K, committed 5760K, reserved 1048576K
Heap Regions: E=young(eden), S=young(survivor), O=old, HS=humongous(starts), HC=humongous(continues), CS=collection set, F=free, A=archive, TAMS=top-at-mark-start (previous, next)
|   0|0x00000000c3200000, 0x00000000c3300000, 0x00000000c3300000|100%|HS|  |TAMS 0x00000000c3300000, 0x00000000c3200000| Complete 
|   1|0x00000000c3300000, 0x00000000c3400000, 0x00000000c3400000|100%| O|  |TAMS 0x00000000c3400000, 0x00000000c3300000| Untracked 
|   2|0x00000000c3400000, 0x00000000c3500000, 0x00000000c3500000|100%| O|  |TAMS 0x00000000c3500000, 0x00000000c3400000| Untracked 
|   3|0x00000000c3500000, 0x00000000c3600000, 0x00000000c3600000|100%| O|  |TAMS 0x00000000c3600000, 0x00000000c3500000| Untracked 
|   4|0x00000000c3600000, 0x00000000c3700000, 0x00000000c3700000|100%| O|  |TAMS 0x00000000c3700000, 0x00000000c3600000| Untracked 
|   5|0x00000000c3700000, 0x00000000c3800000, 0x00000000c3800000|100%| O|  |TAMS 0x00000000c3800000, 0x00000000c3700000| Untracked 
|   6|0x00000000c3800000, 0x00000000c3900000, 0x00000000c3900000|100%| O|  |TAMS 0x00000000c3900000, 0x00000000c3800000| Untracked 
|   7|0x00000000c3900000, 0x00000000c3a00000, 0x00000000c3a00000|100%| O|  |TAMS 0x00000000c3a00000, 0x00000000c3900000| Untracked 
|   8|0x00000000c3a00000, 0x00000000c3b00000, 0x00000000c3b00000|100%| O|  |TAMS 0x00000000c3b00000, 0x00000000c3a00000| Untracked 
|   9|0x00000000c3b00000, 0x00000000c3c00000, 0x00000000c3c00000|100%| O|  |TAMS 0x00000000c3c00000, 0x00000000c3b00000| Untracked 
|  10|0x00000000c3c00000, 0x00000000c3d00000, 0x00000000c3d00000|100%| O|  |TAMS 0x00000000c3d00000, 0x00000000c3c00000| Untracked 
|  11|0x00000000c3d00000, 0x00000000c3e00000, 0x00000000c3e00000|100%| O|  |TAMS 0x00000000c3e00000, 0x00000000c3d00000| Untracked 
|  12|0x00000000c3e00000, 0x00000000c3f00000, 0x00000000c3f00000|100%| O|  |TAMS 0x00000000c3f00000, 0x00000000c3e00000| Untracked 
|  13|0x00000000c3f00000, 0x00000000c3fb7000, 0x00000000c4000000| 71%| O|  |TAMS 0x00000000c3fb7000, 0x00000000c3f00000| Untracked 
|  14|0x00000000c4000000, 0x00000000c4000000, 0x00000000c4100000|  0%| F|  |TAMS 0x00000000c4000000, 0x00000000c4000000| Untracked 
|  15|0x00000000c4100000, 0x00000000c4100000, 0x00000000c4200000|  0%| F|  |TAMS 0x00000000c4100000, 0x00000000c4100000| Untracked 
|  16|0x00000000c4200000, 0x00000000c4200000, 0x00000000c4300000|  0%| F|  |TAMS 0x00000000c4200000, 0x00000000c4200000| Untracked 
|  17|0x00000000c4300000, 0x00000000c4300000, 0x00000000c4400000|  0%| F|  |TAMS 0x00000000c4300000, 0x00000000c4300000| Untracked 
|  18|0x00000000c4400000, 0x00000000c4400000, 0x00000000c4500000|  0%| F|  |TAMS 0x00000000c4400000, 0x00000000c4400000| Untracked 
|  19|0x00000000c4500000, 0x00000000c4500000, 0x00000000c4600000|  0%| F|  |TAMS 0x00000000c4500000, 0x00000000c4500000| Untracked 
|  20|0x00000000c4600000, 0x00000000c4600000, 0x00000000c4700000|  0%| F|  |TAMS 0x00000000c4600000, 0x00000000c4600000| Untracked 
|  21|0x00000000c4700000, 0x00000000c4700000, 0x00000000c4800000|  0%| F|  |TAMS 0x00000000c4700000, 0x00000000c4700000| Untracked 
|  22|0x00000000c4800000, 0x00000000c4800000, 0x00000000c4900000|  0%| F|  |TAMS 0x00000000c4800000, 0x00000000c4800000| Untracked 
|  23|0x00000000c4900000, 0x00000000c4900000, 0x00000000c4a00000|  0%| F|  |TAMS 0x00000000c4900000, 0x00000000c4900000| Untracked 
|  24|0x00000000c4a00000, 0x00000000c4a00000, 0x00000000c4b00000|  0%| F|  |TAMS 0x00000000c4a00000, 0x00000000c4a00000| Untracked 
|  25|0x00000000c4b00000, 0x00000000c4b00000, 0x00000000c4c00000|  0%| F|  |TAMS 0x00000000c4b00000, 0x00000000c4b00000| Untracked 
|  26|0x00000000c4c00000, 0x00000000c4c00000, 0x00000000c4d00000|  0%| F|  |TAMS 0x00000000c4c00000, 0x00000000c4c00000| Untracked 
|  27|0x00000000c4d00000, 0x00000000c4d00000, 0x00000000c4e00000|  0%| F|  |TAMS 0x00000000c4d00000, 0x00000000c4d00000| Untracked 
|  28|0x00000000c4e00000, 0x00000000c4e00000, 0x00000000c4f00000|  0%| F|  |TAMS 0x00000000c4e00000, 0x00000000c4e00000| Untracked 
|  29|0x00000000c4f00000, 0x00000000c4f00000, 0x00000000c5000000|  0%| F|  |TAMS 0x00000000c4f00000, 0x00000000c4f00000| Untracked 
|  30|0x00000000c5000000, 0x00000000c5000000, 0x00000000c5100000|  0%| F|  |TAMS 0x00000000c5000000, 0x00000000c5000000| Untracked 
|  31|0x00000000c5100000, 0x00000000c5100000, 0x00000000c5200000|  0%| F|  |TAMS 0x00000000c5100000, 0x00000000c5100000| Untracked 
|  32|0x00000000c5200000, 0x00000000c5200000, 0x00000000c5300000|  0%| F|  |TAMS 0x00000000c5200000, 0x00000000c5200000| Untracked 
|  33|0x00000000c5300000, 0x00000000c5300000, 0x00000000c5400000|  0%| F|  |TAMS 0x00000000c5300000, 0x00000000c5300000| Untracked 
|  34|0x00000000c5400000, 0x00000000c5400000, 0x00000000c5500000|  0%| F|  |TAMS 0x00000000c5400000, 0x00000000c5400000| Untracked 
|  35|0x00000000c5500000, 0x00000000c5500000, 0x00000000c5600000|  0%| F|  |TAMS 0x00000000c5500000, 0x00000000c5500000| Untracked 
|  36|0x00000000c5600000, 0x00000000c5600000, 0x00000000c5700000|  0%| F|  |TAMS 0x00000000c5600000, 0x00000000c5600000| Untracked 
|  37|0x00000000c5700000, 0x00000000c579b490, 0x00000000c5800000| 60%| S|CS|TAMS 0x00000000c5700000, 0x00000000c5700000| Complete 
|  38|0x00000000c5800000, 0x00000000c5900000, 0x00000000c5900000|100%| S|CS|TAMS 0x00000000c5800000, 0x00000000c5800000| Complete 
|  39|0x00000000c5900000, 0x00000000c5900000, 0x00000000c5a00000|  0%| F|  |TAMS 0x00000000c5900000, 0x00000000c5900000| Untracked 
|  40|0x00000000c5a00000, 0x00000000c5a00000, 0x00000000c5b00000|  0%| F|  |TAMS 0x00000000c5a00000, 0x00000000c5a00000| Untracked 
|  41|0x00000000c5b00000, 0x00000000c5b00000, 0x00000000c5c00000|  0%| F|  |TAMS 0x00000000c5b00000, 0x00000000c5b00000| Untracked 
|  42|0x00000000c5c00000, 0x00000000c5c00000, 0x00000000c5d00000|  0%| F|  |TAMS 0x00000000c5c00000, 0x00000000c5c00000| Untracked 
|  43|0x00000000c5d00000, 0x00000000c5d00000, 0x00000000c5e00000|  0%| F|  |TAMS 0x00000000c5d00000, 0x00000000c5d00000| Untracked 
|  44|0x00000000c5e00000, 0x00000000c5e00000, 0x00000000c5f00000|  0%| F|  |TAMS 0x00000000c5e00000, 0x00000000c5e00000| Untracked 
|  45|0x00000000c5f00000, 0x00000000c5f00000, 0x00000000c6000000|  0%| F|  |TAMS 0x00000000c5f00000, 0x00000000c5f00000| Untracked 
|  46|0x00000000c6000000, 0x00000000c6000000, 0x00000000c6100000|  0%| F|  |TAMS 0x00000000c6000000, 0x00000000c6000000| Untracked 
|  47|0x00000000c6100000, 0x00000000c6100000, 0x00000000c6200000|  0%| F|  |TAMS 0x00000000c6100000, 0x00000000c6100000| Untracked 
|  48|0x00000000c6200000, 0x00000000c6200000, 0x00000000c6300000|  0%| F|  |TAMS 0x00000000c6200000, 0x00000000c6200000| Untracked 
|  49|0x00000000c6300000, 0x00000000c6300000, 0x00000000c6400000|  0%| F|  |TAMS 0x00000000c6300000, 0x00000000c6300000| Untracked 
|  50|0x00000000c6400000, 0x00000000c6400000, 0x00000000c6500000|  0%| F|  |TAMS 0x00000000c6400000, 0x00000000c6400000| Untracked 
|  51|0x00000000c6500000, 0x00000000c6500000, 0x00000000c6600000|  0%| F|  |TAMS 0x00000000c6500000, 0x00000000c6500000| Untracked 
|  52|0x00000000c6600000, 0x00000000c6600000, 0x00000000c6700000|  0%| F|  |TAMS 0x00000000c6600000, 0x00000000c6600000| Untracked 
|  53|0x00000000c6700000, 0x00000000c6700000, 0x00000000c6800000|  0%| F|  |TAMS 0x00000000c6700000, 0x00000000c6700000| Untracked 
|  54|0x00000000c6800000, 0x00000000c6800000, 0x00000000c6900000|  0%| F|  |TAMS 0x00000000c6800000, 0x00000000c6800000| Untracked 
|  55|0x00000000c6900000, 0x00000000c6900000, 0x00000000c6a00000|  0%| F|  |TAMS 0x00000000c6900000, 0x00000000c6900000| Untracked 
|  56|0x00000000c6a00000, 0x00000000c6a00000, 0x00000000c6b00000|  0%| F|  |TAMS 0x00000000c6a00000, 0x00000000c6a00000| Untracked 
|  57|0x00000000c6b00000, 0x00000000c6b00000, 0x00000000c6c00000|  0%| F|  |TAMS 0x00000000c6b00000, 0x00000000c6b00000| Untracked 
|  58|0x00000000c6c00000, 0x00000000c6c00000, 0x00000000c6d00000|  0%| F|  |TAMS 0x00000000c6c00000, 0x00000000c6c00000| Untracked 
|  59|0x00000000c6d00000, 0x00000000c6d00000, 0x00000000c6e00000|  0%| F|  |TAMS 0x00000000c6d00000, 0x00000000c6d00000| Untracked 
|  60|0x00000000c6e00000, 0x00000000c6e80800, 0x00000000c6f00000| 50%| E|  |TAMS 0x00000000c6e00000, 0x00000000c6e00000| Complete 
|  61|0x00000000c6f00000, 0x00000000c7000000, 0x00000000c7000000|100%| E|CS|TAMS 0x00000000c6f00000, 0x00000000c6f00000| Complete 
|  62|0x00000000c7000000, 0x00000000c7100000, 0x00000000c7100000|100%| E|CS|TAMS 0x00000000c7000000, 0x00000000c7000000| Complete 
|  63|0x00000000c7100000, 0x00000000c7200000, 0x00000000c7200000|100%| E|CS|TAMS 0x00000000c7100000, 0x00000000c7100000| Complete 
|  64|0x00000000c7200000, 0x00000000c7300000, 0x00000000c7300000|100%| E|CS|TAMS 0x00000000c7200000, 0x00000000c7200000| Complete 
|  65|0x00000000c7300000, 0x00000000c7400000, 0x00000000c7400000|100%| E|CS|TAMS 0x00000000c7300000, 0x00000000c7300000| Complete 
|  66|0x00000000c7400000, 0x00000000c7500000, 0x00000000c7500000|100%| E|CS|TAMS 0x00000000c7400000, 0x00000000c7400000| Complete 
|  67|0x00000000c7500000, 0x00000000c7600000, 0x00000000c7600000|100%| E|CS|TAMS 0x00000000c7500000, 0x00000000c7500000| Complete 
|  68|0x00000000c7600000, 0x00000000c7700000, 0x00000000c7700000|100%| E|CS|TAMS 0x00000000c7600000, 0x00000000c7600000| Complete 
|  69|0x00000000c7700000, 0x00000000c7800000, 0x00000000c7800000|100%| E|CS|TAMS 0x00000000c7700000, 0x00000000c7700000| Complete 
|  70|0x00000000c7800000, 0x00000000c7900000, 0x00000000c7900000|100%| E|CS|TAMS 0x00000000c7800000, 0x00000000c7800000| Complete 
|  71|0x00000000c7900000, 0x00000000c7a00000, 0x00000000c7a00000|100%| E|CS|TAMS 0x00000000c7900000, 0x00000000c7900000| Complete 
|  72|0x00000000c7a00000, 0x00000000c7b00000, 0x00000000c7b00000|100%| E|CS|TAMS 0x00000000c7a00000, 0x00000000c7a00000| Complete 
|  73|0x00000000c7b00000, 0x00000000c7c00000, 0x00000000c7c00000|100%| E|CS|TAMS 0x00000000c7b00000, 0x00000000c7b00000| Complete 
|  74|0x00000000c7c00000, 0x00000000c7d00000, 0x00000000c7d00000|100%| E|CS|TAMS 0x00000000c7c00000, 0x00000000c7c00000| Complete 

Card table byte_map: [0x0000023f7a880000,0x0000023f7aa70000] _byte_map_base: 0x0000023f7a267000

Marking Bits (Prev, Next): (CMBitMap*) 0x0000023f7a5d5808, (CMBitMap*) 0x0000023f7a5d5840
 Prev Bits: [0x0000023f7ac60000, 0x0000023f7bb98000)
 Next Bits: [0x0000023f7bba0000, 0x0000023f7cad8000)

Polling page: 0x0000023f79d90000

Metaspace:

Usage:
  Non-class:     37.07 MB capacity,    36.37 MB ( 98%) used,   575.82 KB (  2%) free+waste,   137.06 KB ( <1%) overhead. 
      Class:      5.52 MB capacity,     5.08 MB ( 92%) used,   387.30 KB (  7%) free+waste,    64.88 KB (  1%) overhead. 
       Both:     42.58 MB capacity,    41.45 MB ( 97%) used,   963.13 KB (  2%) free+waste,   201.94 KB ( <1%) overhead. 

Virtual space:
  Non-class space:       38.00 MB reserved,      37.25 MB ( 98%) committed 
      Class space:        1.00 GB reserved,       5.63 MB ( <1%) committed 
             Both:        1.04 GB reserved,      42.88 MB (  4%) committed 

Chunk freelists:
   Non-Class:  7.25 KB
       Class:  1.88 KB
        Both:  9.13 KB

CodeHeap 'non-profiled nmethods': size=120064Kb used=1676Kb max_used=1676Kb free=118387Kb
 bounds [0x0000023f0fdf0000, 0x0000023f10060000, 0x0000023f17330000]
CodeHeap 'profiled nmethods': size=120000Kb used=7966Kb max_used=7966Kb free=112033Kb
 bounds [0x0000023f088c0000, 0x0000023f09090000, 0x0000023f0fdf0000]
CodeHeap 'non-nmethods': size=5696Kb used=1166Kb max_used=1191Kb free=4529Kb
 bounds [0x0000023f08330000, 0x0000023f085a0000, 0x0000023f088c0000]
 total_blobs=3993 nmethods=3504 adapters=400
 compilation: enabled
              stopped_count=0, restarted_count=0
 full_count=0

Compilation events (10 events):
Event: 8.060 Thread 0x0000023f7f78c800 3695       3       java.lang.invoke.MethodHandles::makeIdentity (23 bytes)
Event: 8.060 Thread 0x0000023f7f7de800 3699       4       sun.invoke.util.BytecodeDescriptor::unparseSig (91 bytes)
Event: 8.061 Thread 0x0000023f7f78c800 nmethod 3695 0x0000023f09078b10 code [0x0000023f09078da0, 0x0000023f09079a60]
Event: 8.061 Thread 0x0000023f7f78c800 3696       3       java.lang.invoke.LambdaForm::identityForm (27 bytes)
Event: 8.062 Thread 0x0000023f7f78c800 nmethod 3696 0x0000023f09079f10 code [0x0000023f0907a0c0, 0x0000023f0907a310]
Event: 8.062 Thread 0x0000023f7f78c800 3697       3       java.lang.invoke.MethodHandleImpl::makeIntrinsic (14 bytes)
Event: 8.062 Thread 0x0000023f7f78c800 nmethod 3697 0x0000023f0907a490 code [0x0000023f0907a680, 0x0000023f0907ad20]
Event: 8.062 Thread 0x0000023f7f78c800 3698       3       java.lang.invoke.MemberName::isProtected (8 bytes)
Event: 8.063 Thread 0x0000023f7f78c800 nmethod 3698 0x0000023f0907af10 code [0x0000023f0907b0c0, 0x0000023f0907b2d8]
Event: 8.087 Thread 0x0000023f7f78c800 3700       3       java.util.zip.ZipCoder$UTF8::toString (12 bytes)

GC Heap History (10 events):
Event: 4.815 GC heap before
{Heap before GC invocations=8 (full 0):
 garbage-first heap   total 63488K, used 38269K [0x00000000c3200000, 0x0000000100000000)
  region size 1024K, 30 young (30720K), 3 survivors (3072K)
 Metaspace       used 28683K, capacity 29495K, committed 29696K, reserved 1075200K
  class space    used 3280K, capacity 3579K, committed 3584K, reserved 1048576K
}
Event: 4.824 GC heap after
{Heap after GC invocations=9 (full 0):
 garbage-first heap   total 63488K, used 11701K [0x00000000c3200000, 0x0000000100000000)
  region size 1024K, 3 young (3072K), 3 survivors (3072K)
 Metaspace       used 28683K, capacity 29495K, committed 29696K, reserved 1075200K
  class space    used 3280K, capacity 3579K, committed 3584K, reserved 1048576K
}
Event: 5.965 GC heap before
{Heap before GC invocations=9 (full 0):
 garbage-first heap   total 63488K, used 40373K [0x00000000c3200000, 0x0000000100000000)
  region size 1024K, 31 young (31744K), 3 survivors (3072K)
 Metaspace       used 34300K, capacity 35276K, committed 35456K, reserved 1081344K
  class space    used 3994K, capacity 4368K, committed 4480K, reserved 1048576K
}
Event: 5.977 GC heap after
{Heap after GC invocations=10 (full 0):
 garbage-first heap   total 63488K, used 14119K [0x00000000c3200000, 0x0000000100000000)
  region size 1024K, 4 young (4096K), 4 survivors (4096K)
 Metaspace       used 34300K, capacity 35276K, committed 35456K, reserved 1081344K
  class space    used 3994K, capacity 4368K, committed 4480K, reserved 1048576K
}
Event: 6.062 GC heap before
{Heap before GC invocations=10 (full 0):
 garbage-first heap   total 63488K, used 41767K [0x00000000c3200000, 0x0000000100000000)
  region size 1024K, 32 young (32768K), 4 survivors (4096K)
 Metaspace       used 34651K, capacity 35704K, committed 35840K, reserved 1081344K
  class space    used 4020K, capacity 4468K, committed 4480K, reserved 1048576K
}
Event: 6.071 GC heap after
{Heap after GC invocations=11 (full 0):
 garbage-first heap   total 76800K, used 14759K [0x00000000c3200000, 0x0000000100000000)
  region size 1024K, 1 young (1024K), 1 survivors (1024K)
 Metaspace       used 34651K, capacity 35704K, committed 35840K, reserved 1081344K
  class space    used 4020K, capacity 4468K, committed 4480K, reserved 1048576K
}
Event: 6.107 GC heap before
{Heap before GC invocations=11 (full 0):
 garbage-first heap   total 76800K, used 27047K [0x00000000c3200000, 0x0000000100000000)
  region size 1024K, 15 young (15360K), 1 survivors (1024K)
 Metaspace       used 34778K, capacity 35768K, committed 35840K, reserved 1081344K
  class space    used 4030K, capacity 4468K, committed 4480K, reserved 1048576K
}
Event: 6.108 GC heap after
{Heap after GC invocations=12 (full 0):
 garbage-first heap   total 76800K, used 14535K [0x00000000c3200000, 0x0000000100000000)
  region size 1024K, 1 young (1024K), 1 survivors (1024K)
 Metaspace       used 34778K, capacity 35768K, committed 35840K, reserved 1081344K
  class space    used 4030K, capacity 4468K, committed 4480K, reserved 1048576K
}
Event: 7.591 GC heap before
{Heap before GC invocations=13 (full 0):
 garbage-first heap   total 76800K, used 50375K [0x00000000c3200000, 0x0000000100000000)
  region size 1024K, 36 young (36864K), 1 survivors (1024K)
 Metaspace       used 39632K, capacity 40781K, committed 40832K, reserved 1085440K
  class space    used 4761K, capacity 5240K, committed 5248K, reserved 1048576K
}
Event: 7.595 GC heap after
{Heap after GC invocations=14 (full 0):
 garbage-first heap   total 76800K, used 15689K [0x00000000c3200000, 0x0000000100000000)
  region size 1024K, 2 young (2048K), 2 survivors (2048K)
 Metaspace       used 39632K, capacity 40781K, committed 40832K, reserved 1085440K
  class space    used 4761K, capacity 5240K, committed 5248K, reserved 1048576K
}

Deoptimization events (10 events):
Event: 6.093 Thread 0x0000023f7a5ac000 Uncommon trap: reason=intrinsic_or_type_checked_inlining action=make_not_entrant pc=0x0000023f0ff443f8 method=java.util.Arrays.copyOf([Ljava/lang/Object;ILjava/lang/Class;)[Ljava/lang/Object; @ 35 c2
Event: 6.425 Thread 0x0000023f7a5ac000 Uncommon trap: reason=null_check action=make_not_entrant pc=0x0000023f0fee1fa0 method=org.springframework.util.ClassUtils.isAssignable(Ljava/lang/Class;Ljava/lang/Class;)Z @ 14 c2
Event: 6.430 Thread 0x0000023f7a5ac000 Uncommon trap: reason=unstable_if action=reinterpret pc=0x0000023f0fe63b90 method=org.springframework.boot.context.properties.source.ConfigurationPropertyName.getElement(ILorg/springframework/boot/context/properties/source/ConfigurationPropertyName$Form;)
Event: 6.431 Thread 0x0000023f18527800 Uncommon trap: reason=unstable_if action=reinterpret pc=0x0000023f0ff51830 method=java.net.URL.<init>(Ljava/net/URL;Ljava/lang/String;Ljava/net/URLStreamHandler;)V @ 57 c2
Event: 6.987 Thread 0x0000023f7a5ac000 Uncommon trap: reason=predicate action=maybe_recompile pc=0x0000023f0ff6a854 method=java.util.AbstractCollection.toArray([Ljava/lang/Object;)[Ljava/lang/Object; @ 43 c2
Event: 7.017 Thread 0x0000023f7a5ac000 Uncommon trap: reason=profile_predicate action=maybe_recompile pc=0x0000023f0ff69bcc method=java.lang.PublicMethods$MethodList.filter([Ljava/lang/reflect/Method;Ljava/lang/String;[Ljava/lang/Class;Z)Ljava/lang/PublicMethods$MethodList; @ 21 c2
Event: 7.017 Thread 0x0000023f7a5ac000 Uncommon trap: reason=profile_predicate action=maybe_recompile pc=0x0000023f0ff69bcc method=java.lang.PublicMethods$MethodList.filter([Ljava/lang/reflect/Method;Ljava/lang/String;[Ljava/lang/Class;Z)Ljava/lang/PublicMethods$MethodList; @ 21 c2
Event: 7.231 Thread 0x0000023f7a5ac000 Uncommon trap: reason=profile_predicate action=maybe_recompile pc=0x0000023f0ff69bcc method=java.lang.PublicMethods$MethodList.filter([Ljava/lang/reflect/Method;Ljava/lang/String;[Ljava/lang/Class;Z)Ljava/lang/PublicMethods$MethodList; @ 21 c2
Event: 7.231 Thread 0x0000023f7a5ac000 Uncommon trap: reason=profile_predicate action=maybe_recompile pc=0x0000023f0ff69bcc method=java.lang.PublicMethods$MethodList.filter([Ljava/lang/reflect/Method;Ljava/lang/String;[Ljava/lang/Class;Z)Ljava/lang/PublicMethods$MethodList; @ 21 c2
Event: 7.985 Thread 0x0000023f7a5ac000 Uncommon trap: reason=array_check action=maybe_recompile pc=0x0000023f0ff81c14 method=java.util.AbstractCollection.toArray([Ljava/lang/Object;)[Ljava/lang/Object; @ 116 c2

Classes redefined (0 events):
No events

Internal exceptions (10 events):
Event: 5.382 Thread 0x0000023f7a5ac000 Exception <a 'java/lang/NoSuchMethodError'{0x00000000c5f23798}: java.lang.invoke.DirectMethodHandle$Holder.invokeInterface(Ljava/lang/Object;Ljava/lang/Object;I)V> (0x00000000c5f23798) thrown at [./open/src/hotspot/share/interpreter/linkResolver.cpp, line
Event: 5.388 Thread 0x0000023f7a5ac000 Exception <a 'java/lang/IncompatibleClassChangeError'{0x00000000c5f6efb0}: Found class java.lang.Object, but interface was expected> (0x00000000c5f6efb0) thrown at [./open/src/hotspot/share/interpreter/linkResolver.cpp, line 838]
Event: 5.389 Thread 0x0000023f7a5ac000 Exception <a 'java/lang/NoSuchMethodError'{0x00000000c5f73e50}: java.lang.invoke.DirectMethodHandle$Holder.invokeStatic(Ljava/lang/Object;ILjava/lang/Object;)V> (0x00000000c5f73e50) thrown at [./open/src/hotspot/share/interpreter/linkResolver.cpp, line 77
Event: 5.500 Thread 0x0000023f7a5ac000 Exception <a 'java/lang/NoSuchMethodError'{0x00000000c5be05e0}: java.lang.invoke.DirectMethodHandle$Holder.invokeStaticInit(Ljava/lang/Object;IIII)Ljava/lang/Object;> (0x00000000c5be05e0) thrown at [./open/src/hotspot/share/interpreter/linkResolver.cpp, l
Event: 5.764 Thread 0x0000023f7a5ac000 Exception <a 'java/lang/NoSuchMethodError'{0x00000000c5a19330}: java.lang.invoke.DirectMethodHandle$Holder.invokeStaticInit(Ljava/lang/Object;Ljava/lang/Object;IIII)Ljava/lang/Object;> (0x00000000c5a19330) thrown at [./open/src/hotspot/share/interpreter/l
Event: 6.017 Thread 0x0000023f7a5ac000 Implicit null exception at 0x0000023f0fec94c4 to 0x0000023f0fecb546
Event: 6.128 Thread 0x0000023f7a5ac000 Exception <a 'java/io/FileNotFoundException'{0x00000000c7c64f80}> (0x00000000c7c64f80) thrown at [./open/src/hotspot/share/prims/jni.cpp, line 611]
Event: 6.167 Thread 0x0000023f7a5ac000 Exception <a 'java/lang/NoSuchMethodError'{0x00000000c7a31068}: java.lang.invoke.DirectMethodHandle$Holder.invokeInterface(Ljava/lang/Object;Ljava/lang/Object;Ljava/lang/Object;Ljava/lang/Object;)I> (0x00000000c7a31068) thrown at [./open/src/hotspot/share
Event: 6.273 Thread 0x0000023f7a5ac000 Exception <a 'java/io/FileNotFoundException'{0x00000000c78a7ec0}> (0x00000000c78a7ec0) thrown at [./open/src/hotspot/share/prims/jni.cpp, line 611]
Event: 6.425 Thread 0x0000023f7a5ac000 Implicit null exception at 0x0000023f0fee1d5a to 0x0000023f0fee1f8a

Events (10 events):
Event: 8.069 loading class com/mysql/cj/util/Util
Event: 8.069 loading class com/mysql/cj/util/Util done
Event: 8.071 loading class java/io/StringWriter
Event: 8.072 loading class java/io/StringWriter done
Event: 8.072 loading class com/mysql/cj/Constants
Event: 8.072 loading class com/mysql/cj/Constants done
Event: 8.076 loading class com/mysql/cj/Messages
Event: 8.076 loading class com/mysql/cj/Messages done
Event: 8.085 loading class com/mysql/cj/LocalizedErrorMessages
Event: 8.085 loading class com/mysql/cj/LocalizedErrorMessages done


Dynamic libraries:
0x00007ff657510000 - 0x00007ff65751f000 	C:\Program Files\Java\jdk-11.0.8\bin\java.exe
0x00007ff9b47d0000 - 0x00007ff9b49c5000 	C:\WINDOWS\SYSTEM32\ntdll.dll
0x00007ff9b41d0000 - 0x00007ff9b428e000 	C:\WINDOWS\System32\KERNEL32.DLL
0x00007ff9b1f90000 - 0x00007ff9b2258000 	C:\WINDOWS\System32\KERNELBASE.dll
0x00007ff9b2720000 - 0x00007ff9b2820000 	C:\WINDOWS\System32\ucrtbase.dll
0x00007ff945d60000 - 0x00007ff945d75000 	C:\Program Files\Java\jdk-11.0.8\bin\VCRUNTIME140.dll
0x00007ff9467f0000 - 0x00007ff946808000 	C:\Program Files\Java\jdk-11.0.8\bin\jli.dll
0x00007ff9b4120000 - 0x00007ff9b41cc000 	C:\WINDOWS\System32\ADVAPI32.dll
0x00007ff9b2880000 - 0x00007ff9b291e000 	C:\WINDOWS\System32\msvcrt.dll
0x00007ff9b4620000 - 0x00007ff9b46bb000 	C:\WINDOWS\System32\sechost.dll
0x00007ff9b33d0000 - 0x00007ff9b34fa000 	C:\WINDOWS\System32\RPCRT4.dll
0x00007ff9b3220000 - 0x00007ff9b33c1000 	C:\WINDOWS\System32\USER32.dll
0x00007ff9b2450000 - 0x00007ff9b2472000 	C:\WINDOWS\System32\win32u.dll
0x00007ff9b46d0000 - 0x00007ff9b46fb000 	C:\WINDOWS\System32\GDI32.dll
0x00007ff9b2530000 - 0x00007ff9b263b000 	C:\WINDOWS\System32\gdi32full.dll
0x00007ff9b1ef0000 - 0x00007ff9b1f8d000 	C:\WINDOWS\System32\msvcp_win.dll
0x00007ff99fbd0000 - 0x00007ff99fe6a000 	C:\WINDOWS\WinSxS\amd64_microsoft.windows.common-controls_6595b64144ccf1df_6.0.19041.1110_none_60b5254171f9507e\COMCTL32.dll
0x00007ff9aa3c0000 - 0x00007ff9aa3ca000 	C:\WINDOWS\SYSTEM32\VERSION.dll
0x00007ff9b2fd0000 - 0x00007ff9b3000000 	C:\WINDOWS\System32\IMM32.DLL
0x00007ff934c60000 - 0x00007ff934cfb000 	C:\Program Files\Java\jdk-11.0.8\bin\msvcp140.dll
0x00007ff934170000 - 0x00007ff934c56000 	C:\Program Files\Java\jdk-11.0.8\bin\server\jvm.dll
0x00007ff9b2f10000 - 0x00007ff9b2f18000 	C:\WINDOWS\System32\PSAPI.DLL
0x00007ff9a8630000 - 0x00007ff9a8639000 	C:\WINDOWS\SYSTEM32\WSOCK32.dll
0x00007ff9b30e0000 - 0x00007ff9b314b000 	C:\WINDOWS\System32\WS2_32.dll
0x00007ff99c7b0000 - 0x00007ff99c7d7000 	C:\WINDOWS\SYSTEM32\WINMM.dll
0x00007ff9b07c0000 - 0x00007ff9b07d2000 	C:\WINDOWS\SYSTEM32\kernel.appcore.dll
0x00007ff99f4d0000 - 0x00007ff99f4e0000 	C:\Program Files\Java\jdk-11.0.8\bin\verify.dll
0x00007ff9afcf0000 - 0x00007ff9afed4000 	C:\WINDOWS\SYSTEM32\DBGHELP.DLL
0x00007ff999e40000 - 0x00007ff999e6c000 	C:\WINDOWS\SYSTEM32\dbgcore.DLL
0x00007ff9b2260000 - 0x00007ff9b22e3000 	C:\WINDOWS\System32\bcryptPrimitives.dll
0x00007ff93d250000 - 0x00007ff93d278000 	C:\Program Files\Java\jdk-11.0.8\bin\java.dll
0x00007ff99db90000 - 0x00007ff99db9a000 	C:\Program Files\Java\jdk-11.0.8\bin\jimage.dll
0x00007ff93fcb0000 - 0x00007ff93fcc6000 	C:\Program Files\Java\jdk-11.0.8\bin\zip.dll
0x00007ff9b39e0000 - 0x00007ff9b411f000 	C:\WINDOWS\System32\SHELL32.dll
0x00007ff9afee0000 - 0x00007ff9b0670000 	C:\WINDOWS\SYSTEM32\windows.storage.dll
0x00007ff9b3680000 - 0x00007ff9b39d5000 	C:\WINDOWS\System32\combase.dll
0x00007ff9b1870000 - 0x00007ff9b189e000 	C:\WINDOWS\SYSTEM32\Wldp.dll
0x00007ff9b2f20000 - 0x00007ff9b2fcd000 	C:\WINDOWS\System32\SHCORE.dll
0x00007ff9b3000000 - 0x00007ff9b3055000 	C:\WINDOWS\System32\shlwapi.dll
0x00007ff9b1e30000 - 0x00007ff9b1e4f000 	C:\WINDOWS\SYSTEM32\profapi.dll
0x00007ff93ccc0000 - 0x00007ff93ccd9000 	C:\Program Files\Java\jdk-11.0.8\bin\net.dll
0x00007ff9a8980000 - 0x00007ff9a8a8c000 	C:\WINDOWS\SYSTEM32\WINHTTP.dll
0x00007ff9b15d0000 - 0x00007ff9b163a000 	C:\WINDOWS\system32\mswsock.dll
0x00007ff93cca0000 - 0x00007ff93ccb2000 	C:\Program Files\Java\jdk-11.0.8\bin\nio.dll
0x00007ff9af320000 - 0x00007ff9af329000 	C:\Program Files\Java\jdk-11.0.8\bin\management.dll
0x00007ff9ad0a0000 - 0x00007ff9ad0ab000 	C:\Program Files\Java\jdk-11.0.8\bin\management_ext.dll
0x00007ff98ab80000 - 0x00007ff98ab97000 	C:\WINDOWS\system32\napinsp.dll
0x00007ff98ab60000 - 0x00007ff98ab7b000 	C:\WINDOWS\system32\pnrpnsp.dll
0x00007ff98ab20000 - 0x00007ff98ab35000 	C:\WINDOWS\system32\wshbth.dll
0x00007ff9acf40000 - 0x00007ff9acf5d000 	C:\WINDOWS\system32\NLAapi.dll
0x00007ff9b12c0000 - 0x00007ff9b12fb000 	C:\WINDOWS\SYSTEM32\IPHLPAPI.DLL
0x00007ff9b1300000 - 0x00007ff9b13cb000 	C:\WINDOWS\SYSTEM32\DNSAPI.dll
0x00007ff9b46c0000 - 0x00007ff9b46c8000 	C:\WINDOWS\System32\NSI.dll
0x00007ff98b400000 - 0x00007ff98b412000 	C:\WINDOWS\System32\winrnr.dll
0x0000000061dd0000 - 0x0000000061df6000 	C:\Program Files\Bonjour\mdnsNSP.dll
0x00007ff9a8ca0000 - 0x00007ff9a8caa000 	C:\Windows\System32\rasadhlp.dll
0x00007ff9a8820000 - 0x00007ff9a889f000 	C:\WINDOWS\System32\fwpuclnt.dll
0x00007ff9b2640000 - 0x00007ff9b2667000 	C:\WINDOWS\System32\bcrypt.dll
0x00007ff9b17c0000 - 0x00007ff9b17d8000 	C:\WINDOWS\SYSTEM32\CRYPTSP.dll
0x00007ff9b0f50000 - 0x00007ff9b0f84000 	C:\WINDOWS\system32\rsaenh.dll
0x00007ff9b1df0000 - 0x00007ff9b1e1e000 	C:\WINDOWS\SYSTEM32\USERENV.dll
0x00007ff9b17e0000 - 0x00007ff9b17ec000 	C:\WINDOWS\SYSTEM32\CRYPTBASE.dll
0x00007ff9a8ed0000 - 0x00007ff9a8ee7000 	C:\WINDOWS\SYSTEM32\dhcpcsvc6.DLL
0x00007ff9a8e30000 - 0x00007ff9a8e4d000 	C:\WINDOWS\SYSTEM32\dhcpcsvc.DLL

dbghelp: loaded successfully - version: 4.0.5 - missing functions: none
symbol engine: initialized successfully - sym options: 0x614 - pdb path: .;C:\Program Files\Java\jdk-11.0.8\bin;C:\WINDOWS\SYSTEM32;C:\WINDOWS\WinSxS\amd64_microsoft.windows.common-controls_6595b64144ccf1df_6.0.19041.1110_none_60b5254171f9507e;C:\Program Files\Java\jdk-11.0.8\bin\server;C:\Program Files\Bonjour

VM Arguments:
java_command: com.Sell_Store.demo.DemoApplication
java_class_path (initial): C:\Users\LENOVO\Desktop\seller_store_b2c\backend\demo\target\classes;C:\Users\LENOVO\.m2\repository\org\springframework\boot\spring-boot-starter-data-jpa\2.4.3\spring-boot-starter-data-jpa-2.4.3.jar;C:\Users\LENOVO\.m2\repository\org\springframework\boot\spring-boot-starter-aop\2.4.3\spring-boot-starter-aop-2.4.3.jar;C:\Users\LENOVO\.m2\repository\org\springframework\spring-aop\5.3.4\spring-aop-5.3.4.jar;C:\Users\LENOVO\.m2\repository\org\aspectj\aspectjweaver\1.9.6\aspectjweaver-1.9.6.jar;C:\Users\LENOVO\.m2\repository\org\springframework\boot\spring-boot-starter-jdbc\2.4.3\spring-boot-starter-jdbc-2.4.3.jar;C:\Users\LENOVO\.m2\repository\com\zaxxer\HikariCP\3.4.5\HikariCP-3.4.5.jar;C:\Users\LENOVO\.m2\repository\org\springframework\spring-jdbc\5.3.4\spring-jdbc-5.3.4.jar;C:\Users\LENOVO\.m2\repository\jakarta\transaction\jakarta.transaction-api\1.3.3\jakarta.transaction-api-1.3.3.jar;C:\Users\LENOVO\.m2\repository\jakarta\persistence\jakarta.persistence-api\2.2.3\jakarta.persistence-api-2.2.3.jar;C:\Users\LENOVO\.m2\repository\org\springframework\data\spring-data-jpa\2.4.5\spring-data-jpa-2.4.5.jar;C:\Users\LENOVO\.m2\repository\org\springframework\data\spring-data-commons\2.4.5\spring-data-commons-2.4.5.jar;C:\Users\LENOVO\.m2\repository\org\springframework\spring-orm\5.3.4\spring-orm-5.3.4.jar;C:\Users\LENOVO\.m2\repository\org\springframework\spring-context\5.3.4\spring-context-5.3.4.jar;C:\Users\LENOVO\.m2\repository\org\springframework\spring-tx\5.3.4\spring-tx-5.3.4.jar;C:\Users\LENOVO\.m2\repository\org\springframework\spring-beans\5.3.4\spring-beans-5.3.4.jar;C:\Users\LENOVO\.m2\repository\org\slf4j\slf4j-api\1.7.30\slf4j-api-1.7.30.jar;C:\Users\LENOVO\.m2\repository\org\springframework\spring-aspects\5.3.4\spring-aspects-5.3.4.jar;C:\Users\LENOVO\.m2\repository\org\springframework\boot\spring-boot-starter-web\2.4.3\spring-boot-starter-web-2.4.3.jar;C:\Users\LENOVO\.m2\repository\org\springframework\boot\spring-boot-starter\2.4
Launcher Type: SUN_STANDARD

[Global flags]
     intx CICompilerCount                          = 3                                         {product} {ergonomic}
     uint ConcGCThreads                            = 1                                         {product} {ergonomic}
     uint G1ConcRefinementThreads                  = 4                                         {product} {ergonomic}
   size_t G1HeapRegionSize                         = 1048576                                   {product} {ergonomic}
    uintx GCDrainStackTargetSize                   = 64                                        {product} {ergonomic}
   size_t InitialHeapSize                          = 65011712                                  {product} {ergonomic}
   size_t MarkStackSize                            = 4194304                                   {product} {ergonomic}
   size_t MaxHeapSize                              = 1021313024                                {product} {ergonomic}
   size_t MaxNewSize                               = 612368384                                 {product} {ergonomic}
   size_t MinHeapDeltaBytes                        = 1048576                                   {product} {ergonomic}
    uintx NonNMethodCodeHeapSize                   = 5830732                                {pd product} {ergonomic}
    uintx NonProfiledCodeHeapSize                  = 122913754                              {pd product} {ergonomic}
    uintx ProfiledCodeHeapSize                     = 122913754                              {pd product} {ergonomic}
    uintx ReservedCodeCacheSize                    = 251658240                              {pd product} {ergonomic}
     bool SegmentedCodeCache                       = true                                      {product} {ergonomic}
     bool UseCompressedClassPointers               = true                                 {lp64_product} {ergonomic}
     bool UseCompressedOops                        = true                                 {lp64_product} {ergonomic}
     bool UseG1GC                                  = true                                      {product} {ergonomic}
     bool UseLargePagesIndividualAllocation        = false                                  {pd product} {ergonomic}

Logging:
Log output configuration:
 #0: stdout all=warning uptime,level,tags
 #1: stderr all=off uptime,level,tags

Environment Variables:
JAVA_HOME=C:\Program Files\Java\jdk-11.0.8
PATH=C:\Program Files (x86)\Common Files\Oracle\Java\javapath;C:\Program Files\Common Files\Oracle\Java\javapath;C:\WINDOWS\system32;C:\WINDOWS;C:\WINDOWS\System32\Wbem;C:\WINDOWS\System32\WindowsPowerShell\v1.0\;C:\WINDOWS\System32\OpenSSH\;C:\Program Files\Git\cmd;C:\Program Files\nodejs\;C:\Program Files\Docker\Docker\resources\bin;C:\ProgramData\DockerDesktop\version-bin;C:\Program Files\Microsoft SQL Server\Client SDK\ODBC\170\Tools\Binn\;C:\Program Files (x86)\Microsoft SQL Server\150\Tools\Binn\;C:\Program Files\Microsoft SQL Server\150\Tools\Binn\;C:\Program Files\Microsoft SQL Server\150\DTS\Binn\;C:\Program Files (x86)\Microsoft SQL Server\150\DTS\Binn\;C:\Program Files\dotnet\;C:\Program Files\Microsoft SQL Server\130\Tools\Binn\;C:\Program Files\PuTTY\;C:\Program Files (x86)\dotnet\;C:\Users\LENOVO\AppData\Local\Microsoft\WindowsApps;C:\Program Files\JetBrains\IntelliJ IDEA 2019.3.4\bin;C:\Users\LENOVO\AppData\Local\GitHubDesktop\bin;C:\Users\LENOVO\AppData\Local\Microsoft\WindowsApps;C:\Users\LENOVO\AppData\Local\Programs\Microsoft VS Code\bin;C:\Users\LENOVO\AppData\Roaming\npm;C:\Program Files\Azure Data Studio\bin;C:\Users\LENOVO\AppData\Roaming\netlify\Config\helper\bin;C:\Users\LENOVO\AppData\Roaming\netlify\Config\helper\bin;C:\Program Files\Azure Data Studio\bin;C:\Program Files\Azure Data Studio\bin;C:\Users\LENOVO\.dotnet\tools
USERNAME=LENOVO
OS=Windows_NT
PROCESSOR_IDENTIFIER=Intel64 Family 6 Model 126 Stepping 5, GenuineIntel



---------------  S Y S T E M  ---------------

OS: Windows 10 , 64 bit Build 19041 (10.0.19041.1348)

CPU:total 4 (initial active 4) (2 cores per cpu, 2 threads per core) family 6 model 126 stepping 5, cmov, cx8, fxsr, mmx, sse, sse2, sse3, ssse3, sse4.1, sse4.2, popcnt, avx, avx2, aes, clmul, erms, 3dnowpref, lzcnt, ht, tsc, tscinvbit, bmi1, bmi2, adx, evex, sha, fma

Memory: 4k page, system-wide physical 3891M (247M free)
TotalPageFile size 10322M (AvailPageFile size 0M)
current process WorkingSet (physical memory assigned to process): 177M, peak: 178M
current process commit charge ("private bytes"): 224M, peak: 225M

vm_info: Java HotSpot(TM) 64-Bit Server VM (11.0.8+10-LTS) for windows-amd64 JRE (11.0.8+10-LTS), built on Jun 16 2020 05:53:08 by "mach5one" with unknown MS VC++:1916

END.
